<?xml version="1.0" encoding="UTF-8"?>
<testng-results ignored="0" total="1" passed="1" failed="0" skipped="0">
  <reporter-output>
  </reporter-output>
  <suite started-at="2024-02-03T17:47:33 IST" name="Default suite" finished-at="2024-02-03T17:47:50 IST" duration-ms="16925">
    <groups>
    </groups>
    <test started-at="2024-02-03T17:47:33 IST" name="Default test" finished-at="2024-02-03T17:47:50 IST" duration-ms="16925">
      <class name="withoutFindBy.LoginWithoutFindBy">
        <test-method signature="login()[pri:0, instance:withoutFindBy.LoginWithoutFindBy@72d1ad2e]" started-at="2024-02-03T17:47:33 IST" name="login" finished-at="2024-02-03T17:47:50 IST" duration-ms="16866" status="PASS">
          <reporter-output>
          </reporter-output>
        </test-method> <!-- login -->
      </class> <!-- withoutFindBy.LoginWithoutFindBy -->
    </test> <!-- Default test -->
  </suite> <!-- Default suite -->
</testng-results>
